<?xml version="1.0" encoding="UTF-8"?>
<!-- Generated by org.testng.reporters.JUnitXMLReporter -->
<testsuite hostname="Xiho-Icy" ignored="0" name="Default test" tests="7" failures="0" timestamp="12 十二月 2017 00:56:08 GMT" time="120.452" errors="0">
  <testcase name="Login" time="19.915" classname="com.PageTest.back.NewsNoticesTest"/>
  <testcase name="Notice" time="16.368" classname="com.PageTest.back.NewsNoticesTest"/>
  <testcase name="Notice1" time="7.112" classname="com.PageTest.back.NewsNoticesTest"/>
  <testcase name="Notice2" time="6.698" classname="com.PageTest.back.NewsNoticesTest"/>
  <testcase name="Notice3" time="6.867" classname="com.PageTest.back.NewsNoticesTest"/>
  <testcase name="Notice4" time="7.195" classname="com.PageTest.back.NewsNoticesTest"/>
  <testcase name="Notice4" time="6.71" classname="com.PageTest.back.NewsNoticesTest"/>
</testsuite> <!-- Default test -->
