<?xml version="1.0" encoding="UTF-8"?>
<!-- Generated by org.testng.reporters.JUnitXMLReporter -->
<testsuite hostname="Xiho-Icy" name="Default test" tests="3" failures="0" timestamp="13 Dec 2017 02:34:34 GMT" time="71.001" errors="0">
  <testcase name="Login" time="21.25" classname="com.PageTest.back.ShopImage"/>
  <testcase name="Image1" time="28.361" classname="com.PageTest.back.ShopImage"/>
  <testcase name="Image2" time="3.483" classname="com.PageTest.back.ShopImage"/>
</testsuite> <!-- Default test -->
